<?xml version="1.0" encoding="UTF-8"?>
<!-- Generated by org.testng.reporters.JUnitReportReporter -->
<testsuite hostname="AliAhmedx19" failures="0" tests="3" name="runner.TestRunner" time="39.071" errors="0" timestamp="2023-04-01T17:46:13 EDT" skipped="0">
  <testcase classname="runner.TestRunner" name="runScenario" time="16.059"/>
  <system-out/>
  <testcase classname="runner.TestRunner" name="runScenario" time="7.881"/>
  <system-out/>
  <testcase classname="runner.TestRunner" name="runScenario" time="15.131"/>
  <system-out/>
</testsuite> <!-- runner.TestRunner -->
